2021-08-26 18:28:39.543  INFO 25096 --- [main] m.c.t.springboot.practica4.Application   : Starting Application on trial with PID 25096 (/Users/xvhx/truper-ws/truper-curso-spring-cloud-netflix-oss-ws/4-Spring-Configuracion-Multi-Perfil/target/classes started by xvhx in /Users/xvhx/truper-ws/truper-curso-spring-cloud-netflix-oss-ws/4-Spring-Configuracion-Multi-Perfil)
2021-08-26 18:28:39.547  INFO 25096 --- [main] m.c.t.springboot.practica4.Application   : No active profile set, falling back to default profiles: default
2021-08-26 18:28:41.213  INFO 25096 --- [main] o.s.b.w.embedded.tomcat.TomcatWebServer  : Tomcat initialized with port(s): 8080 (http)
2021-08-26 18:28:41.255  INFO 25096 --- [main] o.apache.catalina.core.StandardService   : Starting service [Tomcat]
2021-08-26 18:28:41.255  INFO 25096 --- [main] org.apache.catalina.core.StandardEngine  : Starting Servlet engine: [Apache Tomcat/9.0.16]
2021-08-26 18:28:41.270  INFO 25096 --- [main] o.a.catalina.core.AprLifecycleListener   : The APR based Apache Tomcat Native library which allows optimal performance in production environments was not found on the java.library.path: [/Users/xvhx/Library/Java/Extensions:/Library/Java/Extensions:/Network/Library/Java/Extensions:/System/Library/Java/Extensions:/usr/lib/java:.]
2021-08-26 18:28:41.386  INFO 25096 --- [main] o.a.c.c.C.[Tomcat].[localhost].[/]       : Initializing Spring embedded WebApplicationContext
2021-08-26 18:28:41.387  INFO 25096 --- [main] o.s.web.context.ContextLoader            : Root WebApplicationContext: initialization completed in 1789 ms
2021-08-26 18:28:41.463  WARN 25096 --- [main] ConfigServletWebServerApplicationContext : Exception encountered during context initialization - cancelling refresh attempt: org.springframework.beans.factory.UnsatisfiedDependencyException: Error creating bean with name 'connectionDataBase' defined in file [/Users/xvhx/truper-ws/truper-curso-spring-cloud-netflix-oss-ws/4-Spring-Configuracion-Multi-Perfil/target/classes/mx/com/truper/springboot/practica4/profiles/bean/ConnectionDataBase.class]: Unsatisfied dependency expressed through constructor parameter 0; nested exception is org.springframework.beans.factory.NoSuchBeanDefinitionException: No qualifying bean of type 'mx.com.truper.springboot.practica4.profiles.bean.api.DummyDataSource' available: expected at least 1 bean which qualifies as autowire candidate. Dependency annotations: {}
2021-08-26 18:28:41.467  INFO 25096 --- [main] o.apache.catalina.core.StandardService   : Stopping service [Tomcat]
2021-08-26 18:28:41.486  INFO 25096 --- [main] ConditionEvaluationReportLoggingListener : 

Error starting ApplicationContext. To display the conditions report re-run your application with 'debug' enabled.
2021-08-26 18:28:41.613 ERROR 25096 --- [main] o.s.b.d.LoggingFailureAnalysisReporter   : 

***************************
APPLICATION FAILED TO START
***************************

Description:

Parameter 0 of constructor in mx.com.truper.springboot.practica4.profiles.bean.ConnectionDataBase required a bean of type 'mx.com.truper.springboot.practica4.profiles.bean.api.DummyDataSource' that could not be found.


Action:

Consider defining a bean of type 'mx.com.truper.springboot.practica4.profiles.bean.api.DummyDataSource' in your configuration.

2021-08-26 18:30:47.110  INFO 25172 --- [main] m.c.t.springboot.practica4.Application   : Starting Application on trial with PID 25172 (/Users/xvhx/truper-ws/truper-curso-spring-cloud-netflix-oss-ws/4-Spring-Configuracion-Multi-Perfil/target/classes started by xvhx in /Users/xvhx/truper-ws/truper-curso-spring-cloud-netflix-oss-ws/4-Spring-Configuracion-Multi-Perfil)
2021-08-26 18:30:47.119  INFO 25172 --- [main] m.c.t.springboot.practica4.Application   : The following profiles are active: dev,prod
2021-08-26 18:30:49.136  INFO 25172 --- [main] o.s.b.w.embedded.tomcat.TomcatWebServer  : Tomcat initialized with port(s): 8080 (http)
2021-08-26 18:30:49.199  INFO 25172 --- [main] o.apache.catalina.core.StandardService   : Starting service [Tomcat]
2021-08-26 18:30:49.200  INFO 25172 --- [main] org.apache.catalina.core.StandardEngine  : Starting Servlet engine: [Apache Tomcat/9.0.16]
2021-08-26 18:30:49.224  INFO 25172 --- [main] o.a.catalina.core.AprLifecycleListener   : The APR based Apache Tomcat Native library which allows optimal performance in production environments was not found on the java.library.path: [/Users/xvhx/Library/Java/Extensions:/Library/Java/Extensions:/Network/Library/Java/Extensions:/System/Library/Java/Extensions:/usr/lib/java:.]
2021-08-26 18:30:49.379  INFO 25172 --- [main] o.a.c.c.C.[Tomcat].[localhost].[/]       : Initializing Spring embedded WebApplicationContext
2021-08-26 18:30:49.380  INFO 25172 --- [main] o.s.web.context.ContextLoader            : Root WebApplicationContext: initialization completed in 2160 ms
2021-08-26 18:30:49.760  INFO 25172 --- [main] o.s.s.concurrent.ThreadPoolTaskExecutor  : Initializing ExecutorService 'applicationTaskExecutor'
2021-08-26 18:30:50.165  INFO 25172 --- [main] o.s.b.w.embedded.tomcat.TomcatWebServer  : Tomcat started on port(s): 8080 (http) with context path ''
2021-08-26 18:30:50.171  INFO 25172 --- [main] m.c.t.springboot.practica4.Application   : Started Application in 4.041 seconds (JVM running for 4.943)
2021-08-26 18:30:50.175  INFO 25172 --- [main] m.c.t.springboot.practica4.Application   : hola
2021-08-26 18:30:50.350  INFO 25172 --- [http-nio-8080-exec-1] o.a.c.c.C.[Tomcat].[localhost].[/]       : Initializing Spring DispatcherServlet 'dispatcherServlet'
2021-08-26 18:30:50.351  INFO 25172 --- [http-nio-8080-exec-1] o.s.web.servlet.DispatcherServlet        : Initializing Servlet 'dispatcherServlet'
2021-08-26 18:30:50.359  INFO 25172 --- [http-nio-8080-exec-1] o.s.web.servlet.DispatcherServlet        : Completed initialization in 8 ms
2021-08-26 18:35:15.356  INFO 25172 --- [RMI TCP Connection(2)-127.0.0.1] inMXBeanRegistrar$SpringApplicationAdmin : Application shutdown requested.
2021-08-26 18:35:15.363  INFO 25172 --- [RMI TCP Connection(2)-127.0.0.1] o.s.s.concurrent.ThreadPoolTaskExecutor  : Shutting down ExecutorService 'applicationTaskExecutor'
2021-08-26 18:35:18.789  INFO 25255 --- [main] m.c.t.springboot.practica4.Application   : Starting Application on trial with PID 25255 (/Users/xvhx/truper-ws/truper-curso-spring-cloud-netflix-oss-ws/4-Spring-Configuracion-Multi-Perfil/target/classes started by xvhx in /Users/xvhx/truper-ws/truper-curso-spring-cloud-netflix-oss-ws/4-Spring-Configuracion-Multi-Perfil)
2021-08-26 18:35:18.796  INFO 25255 --- [main] m.c.t.springboot.practica4.Application   : The following profiles are active: dev,prod
2021-08-26 18:35:20.748  INFO 25255 --- [main] o.s.b.w.embedded.tomcat.TomcatWebServer  : Tomcat initialized with port(s): 8080 (http)
2021-08-26 18:35:20.800  INFO 25255 --- [main] o.apache.catalina.core.StandardService   : Starting service [Tomcat]
2021-08-26 18:35:20.801  INFO 25255 --- [main] org.apache.catalina.core.StandardEngine  : Starting Servlet engine: [Apache Tomcat/9.0.16]
2021-08-26 18:35:20.823  INFO 25255 --- [main] o.a.catalina.core.AprLifecycleListener   : The APR based Apache Tomcat Native library which allows optimal performance in production environments was not found on the java.library.path: [/Users/xvhx/Library/Java/Extensions:/Library/Java/Extensions:/Network/Library/Java/Extensions:/System/Library/Java/Extensions:/usr/lib/java:.]
2021-08-26 18:35:21.046  INFO 25255 --- [main] o.a.c.c.C.[Tomcat].[localhost].[/]       : Initializing Spring embedded WebApplicationContext
2021-08-26 18:35:21.047  INFO 25255 --- [main] o.s.web.context.ContextLoader            : Root WebApplicationContext: initialization completed in 2158 ms
2021-08-26 18:35:21.609  INFO 25255 --- [main] o.s.s.concurrent.ThreadPoolTaskExecutor  : Initializing ExecutorService 'applicationTaskExecutor'
2021-08-26 18:35:22.117  INFO 25255 --- [main] o.s.b.w.embedded.tomcat.TomcatWebServer  : Tomcat started on port(s): 8080 (http) with context path ''
2021-08-26 18:35:22.121  INFO 25255 --- [main] m.c.t.springboot.practica4.Application   : Started Application in 4.676 seconds (JVM running for 5.788)
2021-08-26 18:35:22.125  INFO 25255 --- [main] m.c.t.s.p.p.bean.ConnectionDataBase      : Connected to: jdbc:mysql://dev-server:3306/myapp_db
2021-08-26 18:35:22.126  INFO 25255 --- [main] m.c.t.springboot.practica4.Application   : hola
2021-08-26 18:35:22.293  INFO 25255 --- [http-nio-8080-exec-1] o.a.c.c.C.[Tomcat].[localhost].[/]       : Initializing Spring DispatcherServlet 'dispatcherServlet'
2021-08-26 18:35:22.294  INFO 25255 --- [http-nio-8080-exec-1] o.s.web.servlet.DispatcherServlet        : Initializing Servlet 'dispatcherServlet'
2021-08-26 18:35:22.305  INFO 25255 --- [http-nio-8080-exec-1] o.s.web.servlet.DispatcherServlet        : Completed initialization in 9 ms
2021-08-26 18:36:04.291  INFO 25255 --- [RMI TCP Connection(2)-127.0.0.1] inMXBeanRegistrar$SpringApplicationAdmin : Application shutdown requested.
2021-08-26 18:36:04.296  INFO 25255 --- [RMI TCP Connection(2)-127.0.0.1] o.s.s.concurrent.ThreadPoolTaskExecutor  : Shutting down ExecutorService 'applicationTaskExecutor'
2021-08-26 18:36:07.413  INFO 25269 --- [main] m.c.t.springboot.practica4.Application   : Starting Application on trial with PID 25269 (/Users/xvhx/truper-ws/truper-curso-spring-cloud-netflix-oss-ws/4-Spring-Configuracion-Multi-Perfil/target/classes started by xvhx in /Users/xvhx/truper-ws/truper-curso-spring-cloud-netflix-oss-ws/4-Spring-Configuracion-Multi-Perfil)
2021-08-26 18:36:07.417  INFO 25269 --- [main] m.c.t.springboot.practica4.Application   : The following profiles are active: dev,production
2021-08-26 18:36:09.191  INFO 25269 --- [main] o.s.b.w.embedded.tomcat.TomcatWebServer  : Tomcat initialized with port(s): 8080 (http)
2021-08-26 18:36:09.229  INFO 25269 --- [main] o.apache.catalina.core.StandardService   : Starting service [Tomcat]
2021-08-26 18:36:09.230  INFO 25269 --- [main] org.apache.catalina.core.StandardEngine  : Starting Servlet engine: [Apache Tomcat/9.0.16]
2021-08-26 18:36:09.245  INFO 25269 --- [main] o.a.catalina.core.AprLifecycleListener   : The APR based Apache Tomcat Native library which allows optimal performance in production environments was not found on the java.library.path: [/Users/xvhx/Library/Java/Extensions:/Library/Java/Extensions:/Network/Library/Java/Extensions:/System/Library/Java/Extensions:/usr/lib/java:.]
2021-08-26 18:36:09.373  INFO 25269 --- [main] o.a.c.c.C.[Tomcat].[localhost].[/]       : Initializing Spring embedded WebApplicationContext
2021-08-26 18:36:09.373  INFO 25269 --- [main] o.s.web.context.ContextLoader            : Root WebApplicationContext: initialization completed in 1895 ms
2021-08-26 18:36:09.453  WARN 25269 --- [main] ConfigServletWebServerApplicationContext : Exception encountered during context initialization - cancelling refresh attempt: org.springframework.beans.factory.UnsatisfiedDependencyException: Error creating bean with name 'connectionDataBase' defined in file [/Users/xvhx/truper-ws/truper-curso-spring-cloud-netflix-oss-ws/4-Spring-Configuracion-Multi-Perfil/target/classes/mx/com/truper/springboot/practica4/profiles/bean/ConnectionDataBase.class]: Unsatisfied dependency expressed through constructor parameter 0; nested exception is org.springframework.beans.factory.NoUniqueBeanDefinitionException: No qualifying bean of type 'mx.com.truper.springboot.practica4.profiles.bean.api.DummyDataSource' available: expected single matching bean but found 2: devDataSource,productionDataSource
2021-08-26 18:36:09.457  INFO 25269 --- [main] o.apache.catalina.core.StandardService   : Stopping service [Tomcat]
2021-08-26 18:36:09.474  INFO 25269 --- [main] ConditionEvaluationReportLoggingListener : 

Error starting ApplicationContext. To display the conditions report re-run your application with 'debug' enabled.
2021-08-26 18:36:09.479 ERROR 25269 --- [main] o.s.b.d.LoggingFailureAnalysisReporter   : 

***************************
APPLICATION FAILED TO START
***************************

Description:

Parameter 0 of constructor in mx.com.truper.springboot.practica4.profiles.bean.ConnectionDataBase required a single bean, but 2 were found:
	- devDataSource: defined by method 'devDataSource' in class path resource [mx/com/truper/springboot/practica4/profiles/config/ProfilesConfig.class]
	- productionDataSource: defined by method 'productionDataSource' in class path resource [mx/com/truper/springboot/practica4/profiles/config/ProfilesConfig.class]


Action:

Consider marking one of the beans as @Primary, updating the consumer to accept multiple beans, or using @Qualifier to identify the bean that should be consumed

2021-08-26 18:39:34.963  INFO 25336 --- [main] m.c.t.springboot.practica4.Application   : Starting Application on trial with PID 25336 (/Users/xvhx/truper-ws/truper-curso-spring-cloud-netflix-oss-ws/4-Spring-Configuracion-Multi-Perfil/target/classes started by xvhx in /Users/xvhx/truper-ws/truper-curso-spring-cloud-netflix-oss-ws/4-Spring-Configuracion-Multi-Perfil)
2021-08-26 18:39:34.968  INFO 25336 --- [main] m.c.t.springboot.practica4.Application   : The following profiles are active: staging
2021-08-26 18:39:36.509  INFO 25336 --- [main] o.s.b.w.embedded.tomcat.TomcatWebServer  : Tomcat initialized with port(s): 8080 (http)
2021-08-26 18:39:36.545  INFO 25336 --- [main] o.apache.catalina.core.StandardService   : Starting service [Tomcat]
2021-08-26 18:39:36.545  INFO 25336 --- [main] org.apache.catalina.core.StandardEngine  : Starting Servlet engine: [Apache Tomcat/9.0.16]
2021-08-26 18:39:36.560  INFO 25336 --- [main] o.a.catalina.core.AprLifecycleListener   : The APR based Apache Tomcat Native library which allows optimal performance in production environments was not found on the java.library.path: [/Users/xvhx/Library/Java/Extensions:/Library/Java/Extensions:/Network/Library/Java/Extensions:/System/Library/Java/Extensions:/usr/lib/java:.]
2021-08-26 18:39:36.680  INFO 25336 --- [main] o.a.c.c.C.[Tomcat].[localhost].[/]       : Initializing Spring embedded WebApplicationContext
2021-08-26 18:39:36.680  INFO 25336 --- [main] o.s.web.context.ContextLoader            : Root WebApplicationContext: initialization completed in 1625 ms
2021-08-26 18:39:37.115  INFO 25336 --- [main] o.s.s.concurrent.ThreadPoolTaskExecutor  : Initializing ExecutorService 'applicationTaskExecutor'
2021-08-26 18:39:37.490  INFO 25336 --- [main] o.s.b.w.embedded.tomcat.TomcatWebServer  : Tomcat started on port(s): 8080 (http) with context path ''
2021-08-26 18:39:37.495  INFO 25336 --- [main] m.c.t.springboot.practica4.Application   : Started Application in 3.154 seconds (JVM running for 3.845)
2021-08-26 18:39:37.497  INFO 25336 --- [main] m.c.t.s.p.p.bean.ConnectionDataBase      : Connected to: jdbc:mysql://staging-server:3306/myapp_db
2021-08-26 18:39:37.497  INFO 25336 --- [main] m.c.t.springboot.practica4.Application   : hola
2021-08-26 18:39:37.629  INFO 25336 --- [http-nio-8080-exec-1] o.a.c.c.C.[Tomcat].[localhost].[/]       : Initializing Spring DispatcherServlet 'dispatcherServlet'
2021-08-26 18:39:37.629  INFO 25336 --- [http-nio-8080-exec-1] o.s.web.servlet.DispatcherServlet        : Initializing Servlet 'dispatcherServlet'
2021-08-26 18:39:37.638  INFO 25336 --- [http-nio-8080-exec-1] o.s.web.servlet.DispatcherServlet        : Completed initialization in 9 ms
2021-08-26 18:44:14.782  INFO 25336 --- [RMI TCP Connection(2)-127.0.0.1] inMXBeanRegistrar$SpringApplicationAdmin : Application shutdown requested.
2021-08-26 18:44:14.786  INFO 25336 --- [RMI TCP Connection(2)-127.0.0.1] o.s.s.concurrent.ThreadPoolTaskExecutor  : Shutting down ExecutorService 'applicationTaskExecutor'
2021-08-26 18:44:17.566  INFO 25409 --- [main] m.c.t.springboot.practica4.Application   : Starting Application on trial with PID 25409 (/Users/xvhx/truper-ws/truper-curso-spring-cloud-netflix-oss-ws/4-Spring-Configuracion-Multi-Perfil/target/classes started by xvhx in /Users/xvhx/truper-ws/truper-curso-spring-cloud-netflix-oss-ws/4-Spring-Configuracion-Multi-Perfil)
2021-08-26 18:44:17.573  INFO 25409 --- [main] m.c.t.springboot.practica4.Application   : No active profile set, falling back to default profiles: default
2021-08-26 18:44:19.407  INFO 25409 --- [main] o.s.b.w.embedded.tomcat.TomcatWebServer  : Tomcat initialized with port(s): 8080 (http)
2021-08-26 18:44:19.451  INFO 25409 --- [main] o.apache.catalina.core.StandardService   : Starting service [Tomcat]
2021-08-26 18:44:19.452  INFO 25409 --- [main] org.apache.catalina.core.StandardEngine  : Starting Servlet engine: [Apache Tomcat/9.0.16]
2021-08-26 18:44:19.470  INFO 25409 --- [main] o.a.catalina.core.AprLifecycleListener   : The APR based Apache Tomcat Native library which allows optimal performance in production environments was not found on the java.library.path: [/Users/xvhx/Library/Java/Extensions:/Library/Java/Extensions:/Network/Library/Java/Extensions:/System/Library/Java/Extensions:/usr/lib/java:.]
2021-08-26 18:44:19.673  INFO 25409 --- [main] o.a.c.c.C.[Tomcat].[localhost].[/]       : Initializing Spring embedded WebApplicationContext
2021-08-26 18:44:19.674  INFO 25409 --- [main] o.s.web.context.ContextLoader            : Root WebApplicationContext: initialization completed in 2019 ms
2021-08-26 18:44:19.806  WARN 25409 --- [main] ConfigServletWebServerApplicationContext : Exception encountered during context initialization - cancelling refresh attempt: org.springframework.beans.factory.UnsatisfiedDependencyException: Error creating bean with name 'connectionDataBase' defined in file [/Users/xvhx/truper-ws/truper-curso-spring-cloud-netflix-oss-ws/4-Spring-Configuracion-Multi-Perfil/target/classes/mx/com/truper/springboot/practica4/profiles/bean/ConnectionDataBase.class]: Unsatisfied dependency expressed through constructor parameter 0; nested exception is org.springframework.beans.factory.NoSuchBeanDefinitionException: No qualifying bean of type 'mx.com.truper.springboot.practica4.profiles.bean.api.DummyDataSource' available: expected at least 1 bean which qualifies as autowire candidate. Dependency annotations: {}
2021-08-26 18:44:19.814  INFO 25409 --- [main] o.apache.catalina.core.StandardService   : Stopping service [Tomcat]
2021-08-26 18:44:19.838  INFO 25409 --- [main] ConditionEvaluationReportLoggingListener : 

Error starting ApplicationContext. To display the conditions report re-run your application with 'debug' enabled.
2021-08-26 18:44:20.048 ERROR 25409 --- [main] o.s.b.d.LoggingFailureAnalysisReporter   : 

***************************
APPLICATION FAILED TO START
***************************

Description:

Parameter 0 of constructor in mx.com.truper.springboot.practica4.profiles.bean.ConnectionDataBase required a bean of type 'mx.com.truper.springboot.practica4.profiles.bean.api.DummyDataSource' that could not be found.


Action:

Consider defining a bean of type 'mx.com.truper.springboot.practica4.profiles.bean.api.DummyDataSource' in your configuration.

2021-08-26 18:45:10.157  INFO 25425 --- [main] m.c.t.springboot.practica4.Application   : Starting Application on trial with PID 25425 (/Users/xvhx/truper-ws/truper-curso-spring-cloud-netflix-oss-ws/4-Spring-Configuracion-Multi-Perfil/target/classes started by xvhx in /Users/xvhx/truper-ws/truper-curso-spring-cloud-netflix-oss-ws/4-Spring-Configuracion-Multi-Perfil)
2021-08-26 18:45:10.160  INFO 25425 --- [main] m.c.t.springboot.practica4.Application   : The following profiles are active: staging
2021-08-26 18:45:11.638  INFO 25425 --- [main] o.s.b.w.embedded.tomcat.TomcatWebServer  : Tomcat initialized with port(s): 8080 (http)
2021-08-26 18:45:11.673  INFO 25425 --- [main] o.apache.catalina.core.StandardService   : Starting service [Tomcat]
2021-08-26 18:45:11.674  INFO 25425 --- [main] org.apache.catalina.core.StandardEngine  : Starting Servlet engine: [Apache Tomcat/9.0.16]
2021-08-26 18:45:11.687  INFO 25425 --- [main] o.a.catalina.core.AprLifecycleListener   : The APR based Apache Tomcat Native library which allows optimal performance in production environments was not found on the java.library.path: [/Users/xvhx/Library/Java/Extensions:/Library/Java/Extensions:/Network/Library/Java/Extensions:/System/Library/Java/Extensions:/usr/lib/java:.]
2021-08-26 18:45:11.798  INFO 25425 --- [main] o.a.c.c.C.[Tomcat].[localhost].[/]       : Initializing Spring embedded WebApplicationContext
2021-08-26 18:45:11.799  INFO 25425 --- [main] o.s.web.context.ContextLoader            : Root WebApplicationContext: initialization completed in 1592 ms
2021-08-26 18:45:11.876  WARN 25425 --- [main] ConfigServletWebServerApplicationContext : Exception encountered during context initialization - cancelling refresh attempt: org.springframework.beans.factory.UnsatisfiedDependencyException: Error creating bean with name 'connectionDataBase' defined in file [/Users/xvhx/truper-ws/truper-curso-spring-cloud-netflix-oss-ws/4-Spring-Configuracion-Multi-Perfil/target/classes/mx/com/truper/springboot/practica4/profiles/bean/ConnectionDataBase.class]: Unsatisfied dependency expressed through constructor parameter 0; nested exception is org.springframework.beans.factory.NoUniqueBeanDefinitionException: No qualifying bean of type 'mx.com.truper.springboot.practica4.profiles.bean.api.DummyDataSource' available: expected single matching bean but found 2: defaultDataSource,stagingDataSource
2021-08-26 18:45:11.880  INFO 25425 --- [main] o.apache.catalina.core.StandardService   : Stopping service [Tomcat]
2021-08-26 18:45:11.893  INFO 25425 --- [main] ConditionEvaluationReportLoggingListener : 

Error starting ApplicationContext. To display the conditions report re-run your application with 'debug' enabled.
2021-08-26 18:45:11.896 ERROR 25425 --- [main] o.s.b.d.LoggingFailureAnalysisReporter   : 

***************************
APPLICATION FAILED TO START
***************************

Description:

Parameter 0 of constructor in mx.com.truper.springboot.practica4.profiles.bean.ConnectionDataBase required a single bean, but 2 were found:
	- defaultDataSource: defined by method 'defaultDataSource' in class path resource [mx/com/truper/springboot/practica4/profiles/config/ProfilesConfig.class]
	- stagingDataSource: defined by method 'stagingDataSource' in class path resource [mx/com/truper/springboot/practica4/profiles/config/ProfilesConfig.class]


Action:

Consider marking one of the beans as @Primary, updating the consumer to accept multiple beans, or using @Qualifier to identify the bean that should be consumed

2021-08-26 18:46:21.088  INFO 25441 --- [main] m.c.t.springboot.practica4.Application   : Starting Application on trial with PID 25441 (/Users/xvhx/truper-ws/truper-curso-spring-cloud-netflix-oss-ws/4-Spring-Configuracion-Multi-Perfil/target/classes started by xvhx in /Users/xvhx/truper-ws/truper-curso-spring-cloud-netflix-oss-ws/4-Spring-Configuracion-Multi-Perfil)
2021-08-26 18:46:21.093  INFO 25441 --- [main] m.c.t.springboot.practica4.Application   : The following profiles are active: staging
2021-08-26 18:46:22.919  INFO 25441 --- [main] o.s.b.w.embedded.tomcat.TomcatWebServer  : Tomcat initialized with port(s): 8080 (http)
2021-08-26 18:46:22.970  INFO 25441 --- [main] o.apache.catalina.core.StandardService   : Starting service [Tomcat]
2021-08-26 18:46:22.971  INFO 25441 --- [main] org.apache.catalina.core.StandardEngine  : Starting Servlet engine: [Apache Tomcat/9.0.16]
2021-08-26 18:46:22.994  INFO 25441 --- [main] o.a.catalina.core.AprLifecycleListener   : The APR based Apache Tomcat Native library which allows optimal performance in production environments was not found on the java.library.path: [/Users/xvhx/Library/Java/Extensions:/Library/Java/Extensions:/Network/Library/Java/Extensions:/System/Library/Java/Extensions:/usr/lib/java:.]
2021-08-26 18:46:23.181  INFO 25441 --- [main] o.a.c.c.C.[Tomcat].[localhost].[/]       : Initializing Spring embedded WebApplicationContext
2021-08-26 18:46:23.181  INFO 25441 --- [main] o.s.web.context.ContextLoader            : Root WebApplicationContext: initialization completed in 2020 ms
2021-08-26 18:46:23.288  WARN 25441 --- [main] ConfigServletWebServerApplicationContext : Exception encountered during context initialization - cancelling refresh attempt: org.springframework.beans.factory.UnsatisfiedDependencyException: Error creating bean with name 'connectionDataBase' defined in file [/Users/xvhx/truper-ws/truper-curso-spring-cloud-netflix-oss-ws/4-Spring-Configuracion-Multi-Perfil/target/classes/mx/com/truper/springboot/practica4/profiles/bean/ConnectionDataBase.class]: Unsatisfied dependency expressed through constructor parameter 0; nested exception is org.springframework.beans.factory.NoUniqueBeanDefinitionException: No qualifying bean of type 'mx.com.truper.springboot.practica4.profiles.bean.api.DummyDataSource' available: expected single matching bean but found 2: defaultDataSource,stagingDataSource
2021-08-26 18:46:23.294  INFO 25441 --- [main] o.apache.catalina.core.StandardService   : Stopping service [Tomcat]
2021-08-26 18:46:23.312  INFO 25441 --- [main] ConditionEvaluationReportLoggingListener : 

Error starting ApplicationContext. To display the conditions report re-run your application with 'debug' enabled.
2021-08-26 18:46:23.318 ERROR 25441 --- [main] o.s.b.d.LoggingFailureAnalysisReporter   : 

***************************
APPLICATION FAILED TO START
***************************

Description:

Parameter 0 of constructor in mx.com.truper.springboot.practica4.profiles.bean.ConnectionDataBase required a single bean, but 2 were found:
	- defaultDataSource: defined by method 'defaultDataSource' in class path resource [mx/com/truper/springboot/practica4/profiles/config/ProfilesConfig.class]
	- stagingDataSource: defined by method 'stagingDataSource' in class path resource [mx/com/truper/springboot/practica4/profiles/config/ProfilesConfig.class]


Action:

Consider marking one of the beans as @Primary, updating the consumer to accept multiple beans, or using @Qualifier to identify the bean that should be consumed

2021-08-26 18:46:58.861  INFO 25455 --- [main] m.c.t.springboot.practica4.Application   : Starting Application on trial with PID 25455 (/Users/xvhx/truper-ws/truper-curso-spring-cloud-netflix-oss-ws/4-Spring-Configuracion-Multi-Perfil/target/classes started by xvhx in /Users/xvhx/truper-ws/truper-curso-spring-cloud-netflix-oss-ws/4-Spring-Configuracion-Multi-Perfil)
2021-08-26 18:46:58.864  INFO 25455 --- [main] m.c.t.springboot.practica4.Application   : The following profiles are active: staging
2021-08-26 18:47:00.117  INFO 25455 --- [main] o.s.b.w.embedded.tomcat.TomcatWebServer  : Tomcat initialized with port(s): 8080 (http)
2021-08-26 18:47:00.157  INFO 25455 --- [main] o.apache.catalina.core.StandardService   : Starting service [Tomcat]
2021-08-26 18:47:00.158  INFO 25455 --- [main] org.apache.catalina.core.StandardEngine  : Starting Servlet engine: [Apache Tomcat/9.0.16]
2021-08-26 18:47:00.174  INFO 25455 --- [main] o.a.catalina.core.AprLifecycleListener   : The APR based Apache Tomcat Native library which allows optimal performance in production environments was not found on the java.library.path: [/Users/xvhx/Library/Java/Extensions:/Library/Java/Extensions:/Network/Library/Java/Extensions:/System/Library/Java/Extensions:/usr/lib/java:.]
2021-08-26 18:47:00.313  INFO 25455 --- [main] o.a.c.c.C.[Tomcat].[localhost].[/]       : Initializing Spring embedded WebApplicationContext
2021-08-26 18:47:00.313  INFO 25455 --- [main] o.s.web.context.ContextLoader            : Root WebApplicationContext: initialization completed in 1402 ms
2021-08-26 18:47:00.661  INFO 25455 --- [main] o.s.s.concurrent.ThreadPoolTaskExecutor  : Initializing ExecutorService 'applicationTaskExecutor'
2021-08-26 18:47:00.929  INFO 25455 --- [main] o.s.b.w.embedded.tomcat.TomcatWebServer  : Tomcat started on port(s): 8080 (http) with context path ''
2021-08-26 18:47:00.933  INFO 25455 --- [main] m.c.t.springboot.practica4.Application   : Started Application in 2.686 seconds (JVM running for 3.425)
2021-08-26 18:47:00.934  INFO 25455 --- [main] m.c.t.s.p.p.bean.ConnectionDataBase      : Connected to: jdbc:mysql://staging-server:3306/myapp_db
2021-08-26 18:47:00.935  INFO 25455 --- [main] m.c.t.springboot.practica4.Application   : hola
2021-08-26 18:47:01.083  INFO 25455 --- [http-nio-8080-exec-1] o.a.c.c.C.[Tomcat].[localhost].[/]       : Initializing Spring DispatcherServlet 'dispatcherServlet'
2021-08-26 18:47:01.083  INFO 25455 --- [http-nio-8080-exec-1] o.s.web.servlet.DispatcherServlet        : Initializing Servlet 'dispatcherServlet'
2021-08-26 18:47:01.091  INFO 25455 --- [http-nio-8080-exec-1] o.s.web.servlet.DispatcherServlet        : Completed initialization in 7 ms
2021-08-26 18:47:48.508  INFO 25455 --- [RMI TCP Connection(2)-127.0.0.1] inMXBeanRegistrar$SpringApplicationAdmin : Application shutdown requested.
2021-08-26 18:47:48.513  INFO 25455 --- [RMI TCP Connection(2)-127.0.0.1] o.s.s.concurrent.ThreadPoolTaskExecutor  : Shutting down ExecutorService 'applicationTaskExecutor'
2021-08-26 18:47:51.600  INFO 25469 --- [main] m.c.t.springboot.practica4.Application   : Starting Application on trial with PID 25469 (/Users/xvhx/truper-ws/truper-curso-spring-cloud-netflix-oss-ws/4-Spring-Configuracion-Multi-Perfil/target/classes started by xvhx in /Users/xvhx/truper-ws/truper-curso-spring-cloud-netflix-oss-ws/4-Spring-Configuracion-Multi-Perfil)
2021-08-26 18:47:51.605  INFO 25469 --- [main] m.c.t.springboot.practica4.Application   : No active profile set, falling back to default profiles: default
2021-08-26 18:47:54.123  INFO 25469 --- [main] o.s.b.w.embedded.tomcat.TomcatWebServer  : Tomcat initialized with port(s): 8080 (http)
2021-08-26 18:47:54.173  INFO 25469 --- [main] o.apache.catalina.core.StandardService   : Starting service [Tomcat]
2021-08-26 18:47:54.173  INFO 25469 --- [main] org.apache.catalina.core.StandardEngine  : Starting Servlet engine: [Apache Tomcat/9.0.16]
2021-08-26 18:47:54.201  INFO 25469 --- [main] o.a.catalina.core.AprLifecycleListener   : The APR based Apache Tomcat Native library which allows optimal performance in production environments was not found on the java.library.path: [/Users/xvhx/Library/Java/Extensions:/Library/Java/Extensions:/Network/Library/Java/Extensions:/System/Library/Java/Extensions:/usr/lib/java:.]
2021-08-26 18:47:54.394  INFO 25469 --- [main] o.a.c.c.C.[Tomcat].[localhost].[/]       : Initializing Spring embedded WebApplicationContext
2021-08-26 18:47:54.395  INFO 25469 --- [main] o.s.web.context.ContextLoader            : Root WebApplicationContext: initialization completed in 2658 ms
2021-08-26 18:47:54.871  INFO 25469 --- [main] o.s.s.concurrent.ThreadPoolTaskExecutor  : Initializing ExecutorService 'applicationTaskExecutor'
2021-08-26 18:47:55.313  INFO 25469 --- [main] o.s.b.w.embedded.tomcat.TomcatWebServer  : Tomcat started on port(s): 8080 (http) with context path ''
2021-08-26 18:47:55.324  INFO 25469 --- [main] m.c.t.springboot.practica4.Application   : Started Application in 4.549 seconds (JVM running for 6.027)
2021-08-26 18:47:55.329  INFO 25469 --- [main] m.c.t.s.p.p.bean.ConnectionDataBase      : Connected to: No connection url
2021-08-26 18:47:55.330  INFO 25469 --- [main] m.c.t.springboot.practica4.Application   : hola
2021-08-26 18:47:55.502  INFO 25469 --- [http-nio-8080-exec-1] o.a.c.c.C.[Tomcat].[localhost].[/]       : Initializing Spring DispatcherServlet 'dispatcherServlet'
2021-08-26 18:47:55.502  INFO 25469 --- [http-nio-8080-exec-1] o.s.web.servlet.DispatcherServlet        : Initializing Servlet 'dispatcherServlet'
2021-08-26 18:47:55.511  INFO 25469 --- [http-nio-8080-exec-1] o.s.web.servlet.DispatcherServlet        : Completed initialization in 9 ms
2021-08-26 18:50:35.927  INFO 25469 --- [RMI TCP Connection(2)-127.0.0.1] inMXBeanRegistrar$SpringApplicationAdmin : Application shutdown requested.
2021-08-26 18:50:35.931  INFO 25469 --- [RMI TCP Connection(2)-127.0.0.1] o.s.s.concurrent.ThreadPoolTaskExecutor  : Shutting down ExecutorService 'applicationTaskExecutor'
2021-08-26 18:50:39.152  INFO 25512 --- [main] m.c.t.springboot.practica4.Application   : Starting Application on trial with PID 25512 (/Users/xvhx/truper-ws/truper-curso-spring-cloud-netflix-oss-ws/4-Spring-Configuracion-Multi-Perfil/target/classes started by xvhx in /Users/xvhx/truper-ws/truper-curso-spring-cloud-netflix-oss-ws/4-Spring-Configuracion-Multi-Perfil)
2021-08-26 18:50:39.158  INFO 25512 --- [main] m.c.t.springboot.practica4.Application   : The following profiles are active: staging
2021-08-26 18:50:41.158  INFO 25512 --- [main] o.s.b.w.embedded.tomcat.TomcatWebServer  : Tomcat initialized with port(s): 8080 (http)
2021-08-26 18:50:41.200  INFO 25512 --- [main] o.apache.catalina.core.StandardService   : Starting service [Tomcat]
2021-08-26 18:50:41.201  INFO 25512 --- [main] org.apache.catalina.core.StandardEngine  : Starting Servlet engine: [Apache Tomcat/9.0.16]
2021-08-26 18:50:41.218  INFO 25512 --- [main] o.a.catalina.core.AprLifecycleListener   : The APR based Apache Tomcat Native library which allows optimal performance in production environments was not found on the java.library.path: [/Users/xvhx/Library/Java/Extensions:/Library/Java/Extensions:/Network/Library/Java/Extensions:/System/Library/Java/Extensions:/usr/lib/java:.]
2021-08-26 18:50:41.350  INFO 25512 --- [main] o.a.c.c.C.[Tomcat].[localhost].[/]       : Initializing Spring embedded WebApplicationContext
2021-08-26 18:50:41.350  INFO 25512 --- [main] o.s.web.context.ContextLoader            : Root WebApplicationContext: initialization completed in 2053 ms
2021-08-26 18:50:41.721  INFO 25512 --- [main] o.s.s.concurrent.ThreadPoolTaskExecutor  : Initializing ExecutorService 'applicationTaskExecutor'
2021-08-26 18:50:42.253  INFO 25512 --- [main] o.s.b.w.embedded.tomcat.TomcatWebServer  : Tomcat started on port(s): 8080 (http) with context path ''
2021-08-26 18:50:42.259  INFO 25512 --- [main] m.c.t.springboot.practica4.Application   : Started Application in 4.12 seconds (JVM running for 5.385)
2021-08-26 18:50:42.261  INFO 25512 --- [main] m.c.t.s.p.p.bean.ConnectionDataBase      : Connected to: jdbc:mysql://staging-server:3306/myapp_db
2021-08-26 18:50:42.262  INFO 25512 --- [main] m.c.t.springboot.practica4.Application   : hola
2021-08-26 18:50:42.525  INFO 25512 --- [http-nio-8080-exec-1] o.a.c.c.C.[Tomcat].[localhost].[/]       : Initializing Spring DispatcherServlet 'dispatcherServlet'
2021-08-26 18:50:42.526  INFO 25512 --- [http-nio-8080-exec-1] o.s.web.servlet.DispatcherServlet        : Initializing Servlet 'dispatcherServlet'
2021-08-26 18:50:42.535  INFO 25512 --- [http-nio-8080-exec-1] o.s.web.servlet.DispatcherServlet        : Completed initialization in 9 ms
2021-08-26 18:51:40.693  INFO 25512 --- [RMI TCP Connection(2)-127.0.0.1] inMXBeanRegistrar$SpringApplicationAdmin : Application shutdown requested.
2021-08-26 18:51:40.696  INFO 25512 --- [RMI TCP Connection(2)-127.0.0.1] o.s.s.concurrent.ThreadPoolTaskExecutor  : Shutting down ExecutorService 'applicationTaskExecutor'
2021-08-26 18:51:43.600  INFO 25534 --- [main] m.c.t.springboot.practica4.Application   : Starting Application on trial with PID 25534 (/Users/xvhx/truper-ws/truper-curso-spring-cloud-netflix-oss-ws/4-Spring-Configuracion-Multi-Perfil/target/classes started by xvhx in /Users/xvhx/truper-ws/truper-curso-spring-cloud-netflix-oss-ws/4-Spring-Configuracion-Multi-Perfil)
2021-08-26 18:51:43.606  INFO 25534 --- [main] m.c.t.springboot.practica4.Application   : The following profiles are active: dev
2021-08-26 18:51:45.441  INFO 25534 --- [main] o.s.b.w.embedded.tomcat.TomcatWebServer  : Tomcat initialized with port(s): 8080 (http)
2021-08-26 18:51:45.499  INFO 25534 --- [main] o.apache.catalina.core.StandardService   : Starting service [Tomcat]
2021-08-26 18:51:45.500  INFO 25534 --- [main] org.apache.catalina.core.StandardEngine  : Starting Servlet engine: [Apache Tomcat/9.0.16]
2021-08-26 18:51:45.522  INFO 25534 --- [main] o.a.catalina.core.AprLifecycleListener   : The APR based Apache Tomcat Native library which allows optimal performance in production environments was not found on the java.library.path: [/Users/xvhx/Library/Java/Extensions:/Library/Java/Extensions:/Network/Library/Java/Extensions:/System/Library/Java/Extensions:/usr/lib/java:.]
2021-08-26 18:51:45.677  INFO 25534 --- [main] o.a.c.c.C.[Tomcat].[localhost].[/]       : Initializing Spring embedded WebApplicationContext
2021-08-26 18:51:45.678  INFO 25534 --- [main] o.s.web.context.ContextLoader            : Root WebApplicationContext: initialization completed in 1974 ms
2021-08-26 18:51:46.017  INFO 25534 --- [main] o.s.s.concurrent.ThreadPoolTaskExecutor  : Initializing ExecutorService 'applicationTaskExecutor'
2021-08-26 18:51:46.353  INFO 25534 --- [main] o.s.b.w.embedded.tomcat.TomcatWebServer  : Tomcat started on port(s): 8080 (http) with context path ''
2021-08-26 18:51:46.358  INFO 25534 --- [main] m.c.t.springboot.practica4.Application   : Started Application in 3.772 seconds (JVM running for 4.863)
2021-08-26 18:51:46.361  INFO 25534 --- [main] m.c.t.s.p.p.bean.ConnectionDataBase      : Connected to: jdbc:mysql://dev-server:3306/myapp_db
2021-08-26 18:51:46.362  INFO 25534 --- [main] m.c.t.springboot.practica4.Application   : hola
2021-08-26 18:51:46.527  INFO 25534 --- [http-nio-8080-exec-1] o.a.c.c.C.[Tomcat].[localhost].[/]       : Initializing Spring DispatcherServlet 'dispatcherServlet'
2021-08-26 18:51:46.528  INFO 25534 --- [http-nio-8080-exec-1] o.s.web.servlet.DispatcherServlet        : Initializing Servlet 'dispatcherServlet'
2021-08-26 18:51:46.536  INFO 25534 --- [http-nio-8080-exec-1] o.s.web.servlet.DispatcherServlet        : Completed initialization in 8 ms
2021-08-26 18:53:40.551  INFO 25534 --- [RMI TCP Connection(2)-127.0.0.1] inMXBeanRegistrar$SpringApplicationAdmin : Application shutdown requested.
2021-08-26 18:53:40.554  INFO 25534 --- [RMI TCP Connection(2)-127.0.0.1] o.s.s.concurrent.ThreadPoolTaskExecutor  : Shutting down ExecutorService 'applicationTaskExecutor'
2021-08-26 18:53:43.471  INFO 25565 --- [main] m.c.t.springboot.practica4.Application   : Starting Application on trial with PID 25565 (/Users/xvhx/truper-ws/truper-curso-spring-cloud-netflix-oss-ws/4-Spring-Configuracion-Multi-Perfil/target/classes started by xvhx in /Users/xvhx/truper-ws/truper-curso-spring-cloud-netflix-oss-ws/4-Spring-Configuracion-Multi-Perfil)
2021-08-26 18:53:43.476  INFO 25565 --- [main] m.c.t.springboot.practica4.Application   : The following profiles are active: dev
2021-08-26 18:53:45.171  INFO 25565 --- [main] o.s.b.w.embedded.tomcat.TomcatWebServer  : Tomcat initialized with port(s): 8080 (http)
2021-08-26 18:53:45.217  INFO 25565 --- [main] o.apache.catalina.core.StandardService   : Starting service [Tomcat]
2021-08-26 18:53:45.218  INFO 25565 --- [main] org.apache.catalina.core.StandardEngine  : Starting Servlet engine: [Apache Tomcat/9.0.16]
2021-08-26 18:53:45.241  INFO 25565 --- [main] o.a.catalina.core.AprLifecycleListener   : The APR based Apache Tomcat Native library which allows optimal performance in production environments was not found on the java.library.path: [/Users/xvhx/Library/Java/Extensions:/Library/Java/Extensions:/Network/Library/Java/Extensions:/System/Library/Java/Extensions:/usr/lib/java:.]
2021-08-26 18:53:45.398  INFO 25565 --- [main] o.a.c.c.C.[Tomcat].[localhost].[/]       : Initializing Spring embedded WebApplicationContext
2021-08-26 18:53:45.399  INFO 25565 --- [main] o.s.web.context.ContextLoader            : Root WebApplicationContext: initialization completed in 1864 ms
2021-08-26 18:53:45.774  INFO 25565 --- [main] o.s.s.concurrent.ThreadPoolTaskExecutor  : Initializing ExecutorService 'applicationTaskExecutor'
2021-08-26 18:53:46.150  INFO 25565 --- [main] o.s.b.w.embedded.tomcat.TomcatWebServer  : Tomcat started on port(s): 8080 (http) with context path ''
2021-08-26 18:53:46.156  INFO 25565 --- [main] m.c.t.springboot.practica4.Application   : Started Application in 3.582 seconds (JVM running for 4.613)
2021-08-26 18:53:46.158  INFO 25565 --- [main] m.c.t.s.p.p.bean.ConnectionDataBase      : Connected to: jdbc:mysql://dev-server:3306/myapp_db
2021-08-26 18:53:46.159  INFO 25565 --- [main] m.c.t.springboot.practica4.Application   : hola
2021-08-26 18:53:46.312  INFO 25565 --- [http-nio-8080-exec-1] o.a.c.c.C.[Tomcat].[localhost].[/]       : Initializing Spring DispatcherServlet 'dispatcherServlet'
2021-08-26 18:53:46.312  INFO 25565 --- [http-nio-8080-exec-1] o.s.web.servlet.DispatcherServlet        : Initializing Servlet 'dispatcherServlet'
2021-08-26 18:53:46.321  INFO 25565 --- [http-nio-8080-exec-1] o.s.web.servlet.DispatcherServlet        : Completed initialization in 8 ms
2021-08-26 18:54:25.008  INFO 25565 --- [RMI TCP Connection(2)-127.0.0.1] inMXBeanRegistrar$SpringApplicationAdmin : Application shutdown requested.
2021-08-26 18:54:25.014  INFO 25565 --- [RMI TCP Connection(2)-127.0.0.1] o.s.s.concurrent.ThreadPoolTaskExecutor  : Shutting down ExecutorService 'applicationTaskExecutor'
2021-08-26 18:54:28.143  INFO 25576 --- [main] m.c.t.springboot.practica4.Application   : Starting Application on trial with PID 25576 (/Users/xvhx/truper-ws/truper-curso-spring-cloud-netflix-oss-ws/4-Spring-Configuracion-Multi-Perfil/target/classes started by xvhx in /Users/xvhx/truper-ws/truper-curso-spring-cloud-netflix-oss-ws/4-Spring-Configuracion-Multi-Perfil)
2021-08-26 18:54:28.147  INFO 25576 --- [main] m.c.t.springboot.practica4.Application   : The following profiles are active: dev
2021-08-26 18:54:30.205  INFO 25576 --- [main] o.s.b.w.embedded.tomcat.TomcatWebServer  : Tomcat initialized with port(s): 8080 (http)
2021-08-26 18:54:30.254  INFO 25576 --- [main] o.apache.catalina.core.StandardService   : Starting service [Tomcat]
2021-08-26 18:54:30.255  INFO 25576 --- [main] org.apache.catalina.core.StandardEngine  : Starting Servlet engine: [Apache Tomcat/9.0.16]
2021-08-26 18:54:30.285  INFO 25576 --- [main] o.a.catalina.core.AprLifecycleListener   : The APR based Apache Tomcat Native library which allows optimal performance in production environments was not found on the java.library.path: [/Users/xvhx/Library/Java/Extensions:/Library/Java/Extensions:/Network/Library/Java/Extensions:/System/Library/Java/Extensions:/usr/lib/java:.]
2021-08-26 18:54:30.436  INFO 25576 --- [main] o.a.c.c.C.[Tomcat].[localhost].[/]       : Initializing Spring embedded WebApplicationContext
2021-08-26 18:54:30.437  INFO 25576 --- [main] o.s.web.context.ContextLoader            : Root WebApplicationContext: initialization completed in 2200 ms
2021-08-26 18:54:30.882  INFO 25576 --- [main] o.s.s.concurrent.ThreadPoolTaskExecutor  : Initializing ExecutorService 'applicationTaskExecutor'
2021-08-26 18:54:31.271  INFO 25576 --- [main] o.s.b.w.embedded.tomcat.TomcatWebServer  : Tomcat started on port(s): 8080 (http) with context path ''
2021-08-26 18:54:31.276  INFO 25576 --- [main] m.c.t.springboot.practica4.Application   : Started Application in 4.12 seconds (JVM running for 5.444)
2021-08-26 18:54:31.278  INFO 25576 --- [main] m.c.t.s.p.p.bean.ConnectionDataBase      : Connected to: jdbc:mysql://dev123-server:3306/myapp_db
2021-08-26 18:54:31.279  INFO 25576 --- [main] m.c.t.springboot.practica4.Application   : hola
2021-08-26 18:54:31.430  INFO 25576 --- [http-nio-8080-exec-1] o.a.c.c.C.[Tomcat].[localhost].[/]       : Initializing Spring DispatcherServlet 'dispatcherServlet'
2021-08-26 18:54:31.431  INFO 25576 --- [http-nio-8080-exec-1] o.s.web.servlet.DispatcherServlet        : Initializing Servlet 'dispatcherServlet'
2021-08-26 18:54:31.440  INFO 25576 --- [http-nio-8080-exec-1] o.s.web.servlet.DispatcherServlet        : Completed initialization in 9 ms
2021-08-26 18:55:48.216  INFO 25576 --- [RMI TCP Connection(2)-127.0.0.1] inMXBeanRegistrar$SpringApplicationAdmin : Application shutdown requested.
2021-08-26 18:55:48.221  INFO 25576 --- [RMI TCP Connection(2)-127.0.0.1] o.s.s.concurrent.ThreadPoolTaskExecutor  : Shutting down ExecutorService 'applicationTaskExecutor'
2021-08-26 18:55:50.861  INFO 25597 --- [main] m.c.t.springboot.practica4.Application   : Starting Application on trial with PID 25597 (/Users/xvhx/truper-ws/truper-curso-spring-cloud-netflix-oss-ws/4-Spring-Configuracion-Multi-Perfil/target/classes started by xvhx in /Users/xvhx/truper-ws/truper-curso-spring-cloud-netflix-oss-ws/4-Spring-Configuracion-Multi-Perfil)
2021-08-26 18:55:50.867  INFO 25597 --- [main] m.c.t.springboot.practica4.Application   : The following profiles are active: staging
2021-08-26 18:55:52.630  INFO 25597 --- [main] o.s.b.w.embedded.tomcat.TomcatWebServer  : Tomcat initialized with port(s): 8080 (http)
2021-08-26 18:55:52.682  INFO 25597 --- [main] o.apache.catalina.core.StandardService   : Starting service [Tomcat]
2021-08-26 18:55:52.682  INFO 25597 --- [main] org.apache.catalina.core.StandardEngine  : Starting Servlet engine: [Apache Tomcat/9.0.16]
2021-08-26 18:55:52.701  INFO 25597 --- [main] o.a.catalina.core.AprLifecycleListener   : The APR based Apache Tomcat Native library which allows optimal performance in production environments was not found on the java.library.path: [/Users/xvhx/Library/Java/Extensions:/Library/Java/Extensions:/Network/Library/Java/Extensions:/System/Library/Java/Extensions:/usr/lib/java:.]
2021-08-26 18:55:52.856  INFO 25597 --- [main] o.a.c.c.C.[Tomcat].[localhost].[/]       : Initializing Spring embedded WebApplicationContext
2021-08-26 18:55:52.856  INFO 25597 --- [main] o.s.web.context.ContextLoader            : Root WebApplicationContext: initialization completed in 1895 ms
2021-08-26 18:55:53.250  INFO 25597 --- [main] o.s.s.concurrent.ThreadPoolTaskExecutor  : Initializing ExecutorService 'applicationTaskExecutor'
2021-08-26 18:55:53.567  INFO 25597 --- [main] o.s.b.w.embedded.tomcat.TomcatWebServer  : Tomcat started on port(s): 8080 (http) with context path ''
2021-08-26 18:55:53.571  INFO 25597 --- [main] m.c.t.springboot.practica4.Application   : Started Application in 3.648 seconds (JVM running for 4.624)
2021-08-26 18:55:53.573  INFO 25597 --- [main] m.c.t.s.p.p.bean.ConnectionDataBase      : Connected to: jdbc:mysql://staging-server:3306/myapp_db
2021-08-26 18:55:53.574  INFO 25597 --- [main] m.c.t.springboot.practica4.Application   : hola
2021-08-26 18:55:53.751  INFO 25597 --- [http-nio-8080-exec-1] o.a.c.c.C.[Tomcat].[localhost].[/]       : Initializing Spring DispatcherServlet 'dispatcherServlet'
2021-08-26 18:55:53.752  INFO 25597 --- [http-nio-8080-exec-1] o.s.web.servlet.DispatcherServlet        : Initializing Servlet 'dispatcherServlet'
2021-08-26 18:55:53.761  INFO 25597 --- [http-nio-8080-exec-1] o.s.web.servlet.DispatcherServlet        : Completed initialization in 9 ms
2021-08-26 18:56:50.443  INFO 25597 --- [RMI TCP Connection(2)-127.0.0.1] inMXBeanRegistrar$SpringApplicationAdmin : Application shutdown requested.
2021-08-26 18:56:50.447  INFO 25597 --- [RMI TCP Connection(2)-127.0.0.1] o.s.s.concurrent.ThreadPoolTaskExecutor  : Shutting down ExecutorService 'applicationTaskExecutor'
2021-08-26 18:56:55.408  INFO 25616 --- [main] m.c.t.springboot.practica4.Application   : Starting Application on trial with PID 25616 (/Users/xvhx/truper-ws/truper-curso-spring-cloud-netflix-oss-ws/4-Spring-Configuracion-Multi-Perfil/target/classes started by xvhx in /Users/xvhx/truper-ws/truper-curso-spring-cloud-netflix-oss-ws/4-Spring-Configuracion-Multi-Perfil)
2021-08-26 18:56:55.413  INFO 25616 --- [main] m.c.t.springboot.practica4.Application   : No active profile set, falling back to default profiles: default
2021-08-26 18:56:57.363  INFO 25616 --- [main] o.s.b.w.embedded.tomcat.TomcatWebServer  : Tomcat initialized with port(s): 8080 (http)
2021-08-26 18:56:57.407  INFO 25616 --- [main] o.apache.catalina.core.StandardService   : Starting service [Tomcat]
2021-08-26 18:56:57.408  INFO 25616 --- [main] org.apache.catalina.core.StandardEngine  : Starting Servlet engine: [Apache Tomcat/9.0.16]
2021-08-26 18:56:57.426  INFO 25616 --- [main] o.a.catalina.core.AprLifecycleListener   : The APR based Apache Tomcat Native library which allows optimal performance in production environments was not found on the java.library.path: [/Users/xvhx/Library/Java/Extensions:/Library/Java/Extensions:/Network/Library/Java/Extensions:/System/Library/Java/Extensions:/usr/lib/java:.]
2021-08-26 18:56:57.558  INFO 25616 --- [main] o.a.c.c.C.[Tomcat].[localhost].[/]       : Initializing Spring embedded WebApplicationContext
2021-08-26 18:56:57.559  INFO 25616 --- [main] o.s.web.context.ContextLoader            : Root WebApplicationContext: initialization completed in 2089 ms
2021-08-26 18:56:57.952  INFO 25616 --- [main] o.s.s.concurrent.ThreadPoolTaskExecutor  : Initializing ExecutorService 'applicationTaskExecutor'
2021-08-26 18:56:58.422  INFO 25616 --- [main] o.s.b.w.embedded.tomcat.TomcatWebServer  : Tomcat started on port(s): 8080 (http) with context path ''
2021-08-26 18:56:58.427  INFO 25616 --- [main] m.c.t.springboot.practica4.Application   : Started Application in 3.99 seconds (JVM running for 5.203)
2021-08-26 18:56:58.429  INFO 25616 --- [main] m.c.t.s.p.p.bean.ConnectionDataBase      : Connected to: No connection url
2021-08-26 18:56:58.430  INFO 25616 --- [main] m.c.t.springboot.practica4.Application   : hola
2021-08-26 18:56:58.694  INFO 25616 --- [http-nio-8080-exec-1] o.a.c.c.C.[Tomcat].[localhost].[/]       : Initializing Spring DispatcherServlet 'dispatcherServlet'
2021-08-26 18:56:58.695  INFO 25616 --- [http-nio-8080-exec-1] o.s.web.servlet.DispatcherServlet        : Initializing Servlet 'dispatcherServlet'
2021-08-26 18:56:58.704  INFO 25616 --- [http-nio-8080-exec-1] o.s.web.servlet.DispatcherServlet        : Completed initialization in 9 ms
2021-08-26 18:57:14.760  INFO 25616 --- [RMI TCP Connection(2)-127.0.0.1] inMXBeanRegistrar$SpringApplicationAdmin : Application shutdown requested.
2021-08-26 18:57:14.764  INFO 25616 --- [RMI TCP Connection(2)-127.0.0.1] o.s.s.concurrent.ThreadPoolTaskExecutor  : Shutting down ExecutorService 'applicationTaskExecutor'
2021-08-26 18:57:17.560  INFO 25626 --- [main] m.c.t.springboot.practica4.Application   : Starting Application on trial with PID 25626 (/Users/xvhx/truper-ws/truper-curso-spring-cloud-netflix-oss-ws/4-Spring-Configuracion-Multi-Perfil/target/classes started by xvhx in /Users/xvhx/truper-ws/truper-curso-spring-cloud-netflix-oss-ws/4-Spring-Configuracion-Multi-Perfil)
2021-08-26 18:57:17.566  INFO 25626 --- [main] m.c.t.springboot.practica4.Application   : No active profile set, falling back to default profiles: default
2021-08-26 18:57:19.569  INFO 25626 --- [main] o.s.b.w.embedded.tomcat.TomcatWebServer  : Tomcat initialized with port(s): 8080 (http)
2021-08-26 18:57:19.625  INFO 25626 --- [main] o.apache.catalina.core.StandardService   : Starting service [Tomcat]
2021-08-26 18:57:19.626  INFO 25626 --- [main] org.apache.catalina.core.StandardEngine  : Starting Servlet engine: [Apache Tomcat/9.0.16]
2021-08-26 18:57:19.648  INFO 25626 --- [main] o.a.catalina.core.AprLifecycleListener   : The APR based Apache Tomcat Native library which allows optimal performance in production environments was not found on the java.library.path: [/Users/xvhx/Library/Java/Extensions:/Library/Java/Extensions:/Network/Library/Java/Extensions:/System/Library/Java/Extensions:/usr/lib/java:.]
2021-08-26 18:57:19.831  INFO 25626 --- [main] o.a.c.c.C.[Tomcat].[localhost].[/]       : Initializing Spring embedded WebApplicationContext
2021-08-26 18:57:19.831  INFO 25626 --- [main] o.s.web.context.ContextLoader            : Root WebApplicationContext: initialization completed in 2195 ms
2021-08-26 18:57:19.937  WARN 25626 --- [main] ConfigServletWebServerApplicationContext : Exception encountered during context initialization - cancelling refresh attempt: org.springframework.beans.factory.UnsatisfiedDependencyException: Error creating bean with name 'connectionDataBase' defined in file [/Users/xvhx/truper-ws/truper-curso-spring-cloud-netflix-oss-ws/4-Spring-Configuracion-Multi-Perfil/target/classes/mx/com/truper/springboot/practica4/profiles/bean/ConnectionDataBase.class]: Unsatisfied dependency expressed through constructor parameter 0; nested exception is org.springframework.beans.factory.NoSuchBeanDefinitionException: No qualifying bean of type 'mx.com.truper.springboot.practica4.profiles.bean.api.DummyDataSource' available: expected at least 1 bean which qualifies as autowire candidate. Dependency annotations: {}
2021-08-26 18:57:19.941  INFO 25626 --- [main] o.apache.catalina.core.StandardService   : Stopping service [Tomcat]
2021-08-26 18:57:19.961  INFO 25626 --- [main] ConditionEvaluationReportLoggingListener : 

Error starting ApplicationContext. To display the conditions report re-run your application with 'debug' enabled.
2021-08-26 18:57:20.159 ERROR 25626 --- [main] o.s.b.d.LoggingFailureAnalysisReporter   : 

***************************
APPLICATION FAILED TO START
***************************

Description:

Parameter 0 of constructor in mx.com.truper.springboot.practica4.profiles.bean.ConnectionDataBase required a bean of type 'mx.com.truper.springboot.practica4.profiles.bean.api.DummyDataSource' that could not be found.


Action:

Consider defining a bean of type 'mx.com.truper.springboot.practica4.profiles.bean.api.DummyDataSource' in your configuration.

2021-08-26 18:58:19.083  INFO 25644 --- [main] m.c.t.springboot.practica4.Application   : Starting Application on trial with PID 25644 (/Users/xvhx/truper-ws/truper-curso-spring-cloud-netflix-oss-ws/4-Spring-Configuracion-Multi-Perfil/target/classes started by xvhx in /Users/xvhx/truper-ws/truper-curso-spring-cloud-netflix-oss-ws/4-Spring-Configuracion-Multi-Perfil)
2021-08-26 18:58:19.086  INFO 25644 --- [main] m.c.t.springboot.practica4.Application   : The following profiles are active: production
2021-08-26 18:58:20.551  INFO 25644 --- [main] o.s.b.w.embedded.tomcat.TomcatWebServer  : Tomcat initialized with port(s): 8080 (http)
2021-08-26 18:58:20.597  INFO 25644 --- [main] o.apache.catalina.core.StandardService   : Starting service [Tomcat]
2021-08-26 18:58:20.598  INFO 25644 --- [main] org.apache.catalina.core.StandardEngine  : Starting Servlet engine: [Apache Tomcat/9.0.16]
2021-08-26 18:58:20.622  INFO 25644 --- [main] o.a.catalina.core.AprLifecycleListener   : The APR based Apache Tomcat Native library which allows optimal performance in production environments was not found on the java.library.path: [/Users/xvhx/Library/Java/Extensions:/Library/Java/Extensions:/Network/Library/Java/Extensions:/System/Library/Java/Extensions:/usr/lib/java:.]
2021-08-26 18:58:20.773  INFO 25644 --- [main] o.a.c.c.C.[Tomcat].[localhost].[/]       : Initializing Spring embedded WebApplicationContext
2021-08-26 18:58:20.773  INFO 25644 --- [main] o.s.web.context.ContextLoader            : Root WebApplicationContext: initialization completed in 1626 ms
2021-08-26 18:58:21.071  INFO 25644 --- [main] o.s.s.concurrent.ThreadPoolTaskExecutor  : Initializing ExecutorService 'applicationTaskExecutor'
2021-08-26 18:58:21.361  INFO 25644 --- [main] o.s.b.w.embedded.tomcat.TomcatWebServer  : Tomcat started on port(s): 8080 (http) with context path ''
2021-08-26 18:58:21.367  INFO 25644 --- [main] m.c.t.springboot.practica4.Application   : Started Application in 2.968 seconds (JVM running for 3.958)
2021-08-26 18:58:21.369  INFO 25644 --- [main] m.c.t.s.p.p.bean.ConnectionDataBase      : Connected to: jdbc:mysql://production-server:3306/myapp_db
2021-08-26 18:58:21.369  INFO 25644 --- [main] m.c.t.springboot.practica4.Application   : hola
2021-08-26 18:58:21.518  INFO 25644 --- [http-nio-8080-exec-1] o.a.c.c.C.[Tomcat].[localhost].[/]       : Initializing Spring DispatcherServlet 'dispatcherServlet'
2021-08-26 18:58:21.519  INFO 25644 --- [http-nio-8080-exec-1] o.s.web.servlet.DispatcherServlet        : Initializing Servlet 'dispatcherServlet'
2021-08-26 18:58:21.526  INFO 25644 --- [http-nio-8080-exec-1] o.s.web.servlet.DispatcherServlet        : Completed initialization in 7 ms
